*   Trying 132.226.206.68:443...
* Connected to b2bapi.v2napi.com (132.226.206.68) port 443 (#0)
* ALPN, offering h2
* ALPN, offering http/1.1
* successfully set certificate verify locations:
*   CAfile: C:\xampp\apache\bin\curl-ca-bundle.crt
  CApath: none
* SSL connection using TLSv1.2 / ECDHE-RSA-AES256-GCM-SHA384
* ALPN, server did not agree to a protocol
* Server certificate:
*  subject: CN=b2bapi.v2napi.com
*  start date: Jan 31 17:20:03 2025 GMT
*  expire date: May  1 17:20:02 2025 GMT
*  subjectAltName: host "b2bapi.v2napi.com" matched cert's "b2bapi.v2napi.com"
*  issuer: C=US; O=Let's Encrypt; CN=R11
*  SSL certificate verify ok.
> POST /dev/tv/validate HTTP/1.1
Host: b2bapi.v2napi.com
Accept: */*
Content-Type: application/json
Authorization: Basic ZFBlYWNlQXBwOkQlMjQzNGVhY2VfQXBwJTI0JTIz
Content-Length: 129

* upload completely sent off: 129 out of 129 bytes
* Mark bundle as not supporting multiuse
< HTTP/1.1 401 Authorization Required
< Date: Wed, 26 Mar 2025 16:40:01 GMT
< Server: Apache
< X-Frame-Options: SAMEORIGIN
< Cache-Control: private, no-cache, no-store, proxy-revalidate, no-transform
< Pragma: no-cache
< Content-Length: 80
< Content-Type: application/json
< Set-Cookie: HttpOnly;Secure
< X-XSS-Protection: 1; mode=block
< X-Content-Type-Options: nosniff
< Strict-Transport-Security: max-age=31536000; includeSubDomains
< 
* Connection #0 to host b2bapi.v2napi.com left intact
